<?xml version="1.0" encoding="UTF-8"?>
<!-- Generated by org.testng.reporters.JUnitXMLReporter -->
<testsuite hostname="DESKTOP-82N2FV3" ignored="0" name="Test" tests="8" failures="3" timestamp="2020-02-09T17:22:27 IST" time="107.959" errors="0">
  <testcase name="runTChero008" time="0.966" classname="com.heroku.testcases.TChero008">
    <failure type="java.lang.AssertionError" message="Please enter number expected [6] but found [al]">
      <![CDATA[java.lang.AssertionError: Please enter number expected [6] but found [al]
at com.heroku.pages.InputsPage.enterAlphabet(InputsPage.java:15)
at com.heroku.testcases.TChero008.runTChero008(TChero008.java:14)
at java.util.ArrayList.forEach(ArrayList.java:1257)
... Removed 30 stack frames]]>
    </failure>
  </testcase> <!-- runTChero008 -->
  <testcase name="runTChero002" time="0.637" classname="com.heroku.testcases.TChero002"/>
  <testcase name="runTChero003" time="1.957" classname="com.heroku.testcases.TChero003">
    <failure type="java.lang.AssertionError" message="did not expect to find [true] but found [false]">
      <![CDATA[java.lang.AssertionError: did not expect to find [true] but found [false]
at com.heroku.sel.api.base.SeleniumBaseScripts.assertBrokenImages(SeleniumBaseScripts.java:132)
at com.heroku.pages.BrokenImagePage.assertBrokenImages(BrokenImagePage.java:18)
at com.heroku.testcases.TChero003.runTChero003(TChero003.java:13)
at java.util.ArrayList.forEach(ArrayList.java:1257)
... Removed 31 stack frames]]>
    </failure>
  </testcase> <!-- runTChero003 -->
  <testcase name="runTChero004" time="3.328" classname="com.heroku.testcases.TChero004">
    <failure type="org.openqa.selenium.ElementClickInterceptedException" message="element click intercepted: Element &amp;lt;p&amp;gt;...&amp;lt;/p&amp;gt; is not clickable at point (766, 503). Other element would receive the click: &amp;lt;div class=&amp;quot;modal&amp;quot;&amp;gt;...&amp;lt;/div&amp;gt;
  (Session info: chrome=80.0.3987.87)
Build info: version: &amp;apos;3.141.59&amp;apos;, revision: &amp;apos;e82be7d358&amp;apos;, time: &amp;apos;2018-11-14T08:17:03&amp;apos;
System info: host: &amp;apos;DESKTOP-82N2FV3&amp;apos;, ip: &amp;apos;192.168.43.55&amp;apos;, os.name: &amp;apos;Windows 10&amp;apos;, os.arch: &amp;apos;amd64&amp;apos;, os.version: &amp;apos;10.0&amp;apos;, java.version: &amp;apos;1.8.0_171&amp;apos;
Driver info: org.openqa.selenium.chrome.ChromeDriver
Capabilities {acceptInsecureCerts: false, browserName: chrome, browserVersion: 80.0.3987.87, chrome: {chromedriverVersion: 79.0.3945.36 (3582db32b3389..., userDataDir: C:\Users\Dell\AppData\Local...}, goog:chromeOptions: {debuggerAddress: localhost:58801}, javascriptEnabled: true, networkConnectionEnabled: false, pageLoadStrategy: normal, platform: WINDOWS, platformName: WINDOWS, proxy: Proxy(), setWindowRect: true, strictFileInteractability: false, timeouts: {implicit: 0, pageLoad: 300000, script: 30000}, unhandledPromptBehavior: dismiss and notify}
Session ID: 69943e891241b5eed79117d05d23707d">
      <![CDATA[org.openqa.selenium.ElementClickInterceptedException: element click intercepted: Element <p>...</p> is not clickable at point (766, 503). Other element would receive the click: <div class="modal">...</div>
  (Session info: chrome=80.0.3987.87)
Build info: version: '3.141.59', revision: 'e82be7d358', time: '2018-11-14T08:17:03'
System info: host: 'DESKTOP-82N2FV3', ip: '192.168.43.55', os.name: 'Windows 10', os.arch: 'amd64', os.version: '10.0', java.version: '1.8.0_171'
Driver info: org.openqa.selenium.chrome.ChromeDriver
Capabilities {acceptInsecureCerts: false, browserName: chrome, browserVersion: 80.0.3987.87, chrome: {chromedriverVersion: 79.0.3945.36 (3582db32b3389..., userDataDir: C:\Users\Dell\AppData\Local...}, goog:chromeOptions: {debuggerAddress: localhost:58801}, javascriptEnabled: true, networkConnectionEnabled: false, pageLoadStrategy: normal, platform: WINDOWS, platformName: WINDOWS, proxy: Proxy(), setWindowRect: true, strictFileInteractability: false, timeouts: {implicit: 0, pageLoad: 300000, script: 30000}, unhandledPromptBehavior: dismiss and notify}
Session ID: 69943e891241b5eed79117d05d23707d
at org.openqa.selenium.remote.http.W3CHttpResponseCodec.createException(W3CHttpResponseCodec.java:187)
at org.openqa.selenium.remote.http.W3CHttpResponseCodec.decode(W3CHttpResponseCodec.java:122)
at org.openqa.selenium.remote.http.W3CHttpResponseCodec.decode(W3CHttpResponseCodec.java:49)
at org.openqa.selenium.remote.HttpCommandExecutor.execute(HttpCommandExecutor.java:158)
at org.openqa.selenium.remote.service.DriverCommandExecutor.execute(DriverCommandExecutor.java:83)
at org.openqa.selenium.remote.RemoteWebDriver.execute(RemoteWebDriver.java:552)
at org.openqa.selenium.remote.RemoteWebElement.execute(RemoteWebElement.java:285)
at org.openqa.selenium.remote.RemoteWebElement.click(RemoteWebElement.java:84)
at com.heroku.sel.api.base.SeleniumBaseScripts.click(SeleniumBaseScripts.java:37)
at com.heroku.pages.EntryAdpage.clickclose(EntryAdpage.java:9)
at com.heroku.testcases.TChero004.runTChero004(TChero004.java:14)
at java.util.ArrayList.forEach(ArrayList.java:1257)
... Removed 31 stack frames]]>
    </failure>
  </testcase> <!-- runTChero004 -->
  <testcase name="runTChero005" time="6.187" classname="com.heroku.testcases.TChero005"/>
  <testcase name="runTChero006" time="2.668" classname="com.heroku.testcases.TChero006"/>
  <testcase name="runTChero007" time="2.808" classname="com.heroku.testcases.TChero007"/>
  <testcase name="runTChero001" time="6.457" classname="com.heroku.testcases.TChero001"/>
</testsuite> <!-- Test -->
