<!DOCTYPE html PUBLIC "-//W3C//DTD XHTML 1.1//EN" "http://www.w3.org/TR/xhtml11/DTD/xhtml11.dtd">
<html xmlns="http://www.w3.org/1999/xhtml">
<head>
<meta http-equiv="content-type" content="text/html; charset=UTF-8"/>
<title>TestNG Report</title>
<style type="text/css">table {margin-bottom:10px;border-collapse:collapse;empty-cells:show}th,td {border:1px solid #009;padding:.25em .5em}th {vertical-align:bottom}td {vertical-align:top}table a {font-weight:bold}.stripe td {background-color: #E6EBF9}.num {text-align:right}.passedodd td {background-color: #3F3}.passedeven td {background-color: #0A0}.skippedodd td {background-color: #DDD}.skippedeven td {background-color: #CCC}.failedodd td,.attn {background-color: #F33}.failedeven td,.stripe .attn {background-color: #D00}.stacktrace {white-space:pre;font-family:monospace}.totop {font-size:85%;text-align:center;border-bottom:2px solid #000}.invisible {display:none}</style>
</head>
<body>
<table>
<tr><th>Test</th><th># Passed</th><th># Skipped</th><th># Retried</th><th># Failed</th><th>Time (ms)</th><th>Included Groups</th><th>Excluded Groups</th></tr>
<tr><th colspan="7">Suite</th></tr>
<tr><td><a href="#t0">Test</a></td><td class="num">5</td><td class="num">0</td><td class="num">0</td><td class="num attn">3</td><td class="num">107,959</td><td></td><td></td></tr>
</table>
<table id='summary'><thead><tr><th>Class</th><th>Method</th><th>Start</th><th>Time (ms)</th></tr></thead><tbody><tr><th colspan="4">Suite</th></tr></tbody><tbody id="t0"><tr><th colspan="4">Test &#8212; failed</th></tr><tr class="failedeven"><td rowspan="1">com.heroku.testcases.TChero003</td><td><a href="#m0">runTChero003</a></td><td rowspan="1">1581249072067</td><td rowspan="1">1957</td></tr><tr class="failedodd"><td rowspan="1">com.heroku.testcases.TChero004</td><td><a href="#m1">runTChero004</a></td><td rowspan="1">1581249084956</td><td rowspan="1">3328</td></tr><tr class="failedeven"><td rowspan="1">com.heroku.testcases.TChero008</td><td><a href="#m2">runTChero008</a></td><td rowspan="1">1581249047633</td><td rowspan="1">966</td></tr><tr><th colspan="4">Test &#8212; passed</th></tr><tr class="passedeven"><td rowspan="1">com.heroku.testcases.TChero001</td><td><a href="#m3">runTChero001</a></td><td rowspan="1">1581249140669</td><td rowspan="1">6457</td></tr><tr class="passedodd"><td rowspan="1">com.heroku.testcases.TChero002</td><td><a href="#m4">runTChero002</a></td><td rowspan="1">1581249059161</td><td rowspan="1">637</td></tr><tr class="passedeven"><td rowspan="1">com.heroku.testcases.TChero005</td><td><a href="#m5">runTChero005</a></td><td rowspan="1">1581249099735</td><td rowspan="1">6187</td></tr><tr class="passedodd"><td rowspan="1">com.heroku.testcases.TChero006</td><td><a href="#m6">runTChero006</a></td><td rowspan="1">1581249115912</td><td rowspan="1">2668</td></tr><tr class="passedeven"><td rowspan="1">com.heroku.testcases.TChero007</td><td><a href="#m7">runTChero007</a></td><td rowspan="1">1581249127772</td><td rowspan="1">2808</td></tr></tbody>
</table>
<h2>Test</h2><h3 id="m0">com.heroku.testcases.TChero003#runTChero003</h3><table class="result"><tr><th>Exception</th></tr><tr><td><div class="stacktrace">java.lang.AssertionError: did not expect to find [true] but found [false]
	at com.heroku.sel.api.base.SeleniumBaseScripts.assertBrokenImages(SeleniumBaseScripts.java:132)
	at com.heroku.pages.BrokenImagePage.assertBrokenImages(BrokenImagePage.java:18)
	at com.heroku.testcases.TChero003.runTChero003(TChero003.java:13)
	at java.util.ArrayList.forEach(ArrayList.java:1257)
... Removed 31 stack frames</div></td></tr></table><p class="totop"><a href="#summary">back to summary</a></p>
<h3 id="m1">com.heroku.testcases.TChero004#runTChero004</h3><table class="result"><tr><th>Exception</th></tr><tr><td><div class="stacktrace">org.openqa.selenium.ElementClickInterceptedException: element click intercepted: Element &lt;p&gt;...&lt;/p&gt; is not clickable at point (766, 503). Other element would receive the click: &lt;div class=&quot;modal&quot;&gt;...&lt;/div&gt;
  (Session info: chrome=80.0.3987.87)
Build info: version: &apos;3.141.59&apos;, revision: &apos;e82be7d358&apos;, time: &apos;2018-11-14T08:17:03&apos;
System info: host: &apos;DESKTOP-82N2FV3&apos;, ip: &apos;192.168.43.55&apos;, os.name: &apos;Windows 10&apos;, os.arch: &apos;amd64&apos;, os.version: &apos;10.0&apos;, java.version: &apos;1.8.0_171&apos;
Driver info: org.openqa.selenium.chrome.ChromeDriver
Capabilities {acceptInsecureCerts: false, browserName: chrome, browserVersion: 80.0.3987.87, chrome: {chromedriverVersion: 79.0.3945.36 (3582db32b3389..., userDataDir: C:\Users\Dell\AppData\Local...}, goog:chromeOptions: {debuggerAddress: localhost:58801}, javascriptEnabled: true, networkConnectionEnabled: false, pageLoadStrategy: normal, platform: WINDOWS, platformName: WINDOWS, proxy: Proxy(), setWindowRect: true, strictFileInteractability: false, timeouts: {implicit: 0, pageLoad: 300000, script: 30000}, unhandledPromptBehavior: dismiss and notify}
Session ID: 69943e891241b5eed79117d05d23707d
	at org.openqa.selenium.remote.http.W3CHttpResponseCodec.createException(W3CHttpResponseCodec.java:187)
	at org.openqa.selenium.remote.http.W3CHttpResponseCodec.decode(W3CHttpResponseCodec.java:122)
	at org.openqa.selenium.remote.http.W3CHttpResponseCodec.decode(W3CHttpResponseCodec.java:49)
	at org.openqa.selenium.remote.HttpCommandExecutor.execute(HttpCommandExecutor.java:158)
	at org.openqa.selenium.remote.service.DriverCommandExecutor.execute(DriverCommandExecutor.java:83)
	at org.openqa.selenium.remote.RemoteWebDriver.execute(RemoteWebDriver.java:552)
	at org.openqa.selenium.remote.RemoteWebElement.execute(RemoteWebElement.java:285)
	at org.openqa.selenium.remote.RemoteWebElement.click(RemoteWebElement.java:84)
	at com.heroku.sel.api.base.SeleniumBaseScripts.click(SeleniumBaseScripts.java:37)
	at com.heroku.pages.EntryAdpage.clickclose(EntryAdpage.java:9)
	at com.heroku.testcases.TChero004.runTChero004(TChero004.java:14)
	at java.util.ArrayList.forEach(ArrayList.java:1257)
... Removed 31 stack frames</div></td></tr></table><p class="totop"><a href="#summary">back to summary</a></p>
<h3 id="m2">com.heroku.testcases.TChero008#runTChero008</h3><table class="result"><tr><th>Exception</th></tr><tr><td><div class="stacktrace">java.lang.AssertionError: Please enter number expected [6] but found [al]
	at com.heroku.pages.InputsPage.enterAlphabet(InputsPage.java:15)
	at com.heroku.testcases.TChero008.runTChero008(TChero008.java:14)
	at java.util.ArrayList.forEach(ArrayList.java:1257)
... Removed 30 stack frames</div></td></tr></table><p class="totop"><a href="#summary">back to summary</a></p>
<h3 id="m3">com.heroku.testcases.TChero001#runTChero001</h3><table class="result"><tr><th class="invisible"/></tr></table><p class="totop"><a href="#summary">back to summary</a></p>
<h3 id="m4">com.heroku.testcases.TChero002#runTChero002</h3><table class="result"><tr><th class="invisible"/></tr></table><p class="totop"><a href="#summary">back to summary</a></p>
<h3 id="m5">com.heroku.testcases.TChero005#runTChero005</h3><table class="result"><tr><th class="invisible"/></tr></table><p class="totop"><a href="#summary">back to summary</a></p>
<h3 id="m6">com.heroku.testcases.TChero006#runTChero006</h3><table class="result"><tr><th class="invisible"/></tr></table><p class="totop"><a href="#summary">back to summary</a></p>
<h3 id="m7">com.heroku.testcases.TChero007#runTChero007</h3><table class="result"><tr><th class="invisible"/></tr></table><p class="totop"><a href="#summary">back to summary</a></p>
</body>
</html>
