<?xml version="1.0" encoding="UTF-8"?>
<testng-results skipped="0" failed="3" ignored="0" total="8" passed="5">
  <reporter-output>
  </reporter-output>
  <suite name="Suite" duration-ms="107959" started-at="2020-02-09T17:20:39 IST" finished-at="2020-02-09T17:22:27 IST">
    <groups>
    </groups>
    <test name="Test" duration-ms="107959" started-at="2020-02-09T17:20:39 IST" finished-at="2020-02-09T17:22:27 IST">
      <class name="com.heroku.testcases.TChero007">
        <test-method status="PASS" signature="beforeMethod()[pri:0, instance:com.heroku.testcases.TChero007@5bb21b69]" name="beforeMethod" is-config="true" duration-ms="9134" started-at="2020-02-09T17:21:58 IST" finished-at="2020-02-09T17:22:07 IST">
          <reporter-output>
          </reporter-output>
        </test-method> <!-- beforeMethod -->
        <test-method status="PASS" signature="runTChero007()[pri:0, instance:com.heroku.testcases.TChero007@5bb21b69]" name="runTChero007" duration-ms="2808" started-at="2020-02-09T17:22:07 IST" finished-at="2020-02-09T17:22:10 IST">
          <reporter-output>
          </reporter-output>
        </test-method> <!-- runTChero007 -->
        <test-method status="PASS" signature="afterMethod()[pri:0, instance:com.heroku.testcases.TChero007@5bb21b69]" name="afterMethod" is-config="true" duration-ms="201" started-at="2020-02-09T17:22:10 IST" finished-at="2020-02-09T17:22:10 IST">
          <reporter-output>
          </reporter-output>
        </test-method> <!-- afterMethod -->
      </class> <!-- com.heroku.testcases.TChero007 -->
      <class name="com.heroku.testcases.TChero008">
        <test-method status="PASS" signature="beforeMethod()[pri:0, instance:com.heroku.testcases.TChero008@3e57cd70]" name="beforeMethod" is-config="true" duration-ms="8374" started-at="2020-02-09T17:20:39 IST" finished-at="2020-02-09T17:20:47 IST">
          <reporter-output>
          </reporter-output>
        </test-method> <!-- beforeMethod -->
        <test-method status="FAIL" signature="runTChero008()[pri:0, instance:com.heroku.testcases.TChero008@3e57cd70]" name="runTChero008" duration-ms="966" started-at="2020-02-09T17:20:47 IST" finished-at="2020-02-09T17:20:48 IST">
          <exception class="java.lang.AssertionError">
            <message>
              <![CDATA[Please enter number expected [6] but found [al]]]>
            </message>
            <full-stacktrace>
              <![CDATA[java.lang.AssertionError: Please enter number expected [6] but found [al]
at org.testng.Assert.fail(Assert.java:97)
at org.testng.Assert.assertEqualsImpl(Assert.java:136)
at org.testng.Assert.assertEquals(Assert.java:118)
at com.heroku.pages.InputsPage.enterAlphabet(InputsPage.java:15)
at com.heroku.testcases.TChero008.runTChero008(TChero008.java:14)
at sun.reflect.NativeMethodAccessorImpl.invoke0(Native Method)
at sun.reflect.NativeMethodAccessorImpl.invoke(NativeMethodAccessorImpl.java:62)
at sun.reflect.DelegatingMethodAccessorImpl.invoke(DelegatingMethodAccessorImpl.java:43)
at java.lang.reflect.Method.invoke(Method.java:498)
at org.testng.internal.MethodInvocationHelper.invokeMethod(MethodInvocationHelper.java:133)
at org.testng.internal.TestInvoker.invokeMethod(TestInvoker.java:584)
at org.testng.internal.TestInvoker.invokeTestMethod(TestInvoker.java:172)
at org.testng.internal.MethodRunner.runInSequence(MethodRunner.java:46)
at org.testng.internal.TestInvoker$MethodInvocationAgent.invoke(TestInvoker.java:804)
at org.testng.internal.TestInvoker.invokeTestMethods(TestInvoker.java:145)
at org.testng.internal.TestMethodWorker.invokeTestMethods(TestMethodWorker.java:146)
at org.testng.internal.TestMethodWorker.run(TestMethodWorker.java:128)
at java.util.ArrayList.forEach(ArrayList.java:1257)
at org.testng.TestRunner.privateRun(TestRunner.java:770)
at org.testng.TestRunner.run(TestRunner.java:591)
at org.testng.SuiteRunner.runTest(SuiteRunner.java:402)
at org.testng.SuiteRunner.runSequentially(SuiteRunner.java:396)
at org.testng.SuiteRunner.privateRun(SuiteRunner.java:355)
at org.testng.SuiteRunner.run(SuiteRunner.java:304)
at org.testng.SuiteRunnerWorker.runSuite(SuiteRunnerWorker.java:53)
at org.testng.SuiteRunnerWorker.run(SuiteRunnerWorker.java:96)
at org.testng.TestNG.runSuitesSequentially(TestNG.java:1180)
at org.testng.TestNG.runSuitesLocally(TestNG.java:1102)
at org.testng.TestNG.runSuites(TestNG.java:1032)
at org.testng.TestNG.run(TestNG.java:1000)
at org.testng.remote.AbstractRemoteTestNG.run(AbstractRemoteTestNG.java:115)
at org.testng.remote.RemoteTestNG.initAndRun(RemoteTestNG.java:251)
at org.testng.remote.RemoteTestNG.main(RemoteTestNG.java:77)
]]>
            </full-stacktrace>
          </exception> <!-- java.lang.AssertionError -->
          <reporter-output>
          </reporter-output>
        </test-method> <!-- runTChero008 -->
        <test-method status="PASS" signature="afterMethod()[pri:0, instance:com.heroku.testcases.TChero008@3e57cd70]" name="afterMethod" is-config="true" duration-ms="56" started-at="2020-02-09T17:20:48 IST" finished-at="2020-02-09T17:20:48 IST">
          <reporter-output>
          </reporter-output>
        </test-method> <!-- afterMethod -->
      </class> <!-- com.heroku.testcases.TChero008 -->
      <class name="com.heroku.testcases.TChero003">
        <test-method status="PASS" signature="beforeMethod()[pri:0, instance:com.heroku.testcases.TChero003@2c039ac6]" name="beforeMethod" is-config="true" duration-ms="12211" started-at="2020-02-09T17:20:59 IST" finished-at="2020-02-09T17:21:12 IST">
          <reporter-output>
          </reporter-output>
        </test-method> <!-- beforeMethod -->
        <test-method status="FAIL" signature="runTChero003()[pri:0, instance:com.heroku.testcases.TChero003@2c039ac6]" name="runTChero003" duration-ms="1957" started-at="2020-02-09T17:21:12 IST" finished-at="2020-02-09T17:21:14 IST">
          <exception class="java.lang.AssertionError">
            <message>
              <![CDATA[did not expect to find [true] but found [false]]]>
            </message>
            <full-stacktrace>
              <![CDATA[java.lang.AssertionError: did not expect to find [true] but found [false]
at org.testng.Assert.fail(Assert.java:97)
at org.testng.Assert.failNotEquals(Assert.java:969)
at org.testng.Assert.assertTrue(Assert.java:43)
at org.testng.Assert.assertTrue(Assert.java:53)
at com.heroku.sel.api.base.SeleniumBaseScripts.assertBrokenImages(SeleniumBaseScripts.java:132)
at com.heroku.pages.BrokenImagePage.assertBrokenImages(BrokenImagePage.java:18)
at com.heroku.testcases.TChero003.runTChero003(TChero003.java:13)
at sun.reflect.NativeMethodAccessorImpl.invoke0(Native Method)
at sun.reflect.NativeMethodAccessorImpl.invoke(NativeMethodAccessorImpl.java:62)
at sun.reflect.DelegatingMethodAccessorImpl.invoke(DelegatingMethodAccessorImpl.java:43)
at java.lang.reflect.Method.invoke(Method.java:498)
at org.testng.internal.MethodInvocationHelper.invokeMethod(MethodInvocationHelper.java:133)
at org.testng.internal.TestInvoker.invokeMethod(TestInvoker.java:584)
at org.testng.internal.TestInvoker.invokeTestMethod(TestInvoker.java:172)
at org.testng.internal.MethodRunner.runInSequence(MethodRunner.java:46)
at org.testng.internal.TestInvoker$MethodInvocationAgent.invoke(TestInvoker.java:804)
at org.testng.internal.TestInvoker.invokeTestMethods(TestInvoker.java:145)
at org.testng.internal.TestMethodWorker.invokeTestMethods(TestMethodWorker.java:146)
at org.testng.internal.TestMethodWorker.run(TestMethodWorker.java:128)
at java.util.ArrayList.forEach(ArrayList.java:1257)
at org.testng.TestRunner.privateRun(TestRunner.java:770)
at org.testng.TestRunner.run(TestRunner.java:591)
at org.testng.SuiteRunner.runTest(SuiteRunner.java:402)
at org.testng.SuiteRunner.runSequentially(SuiteRunner.java:396)
at org.testng.SuiteRunner.privateRun(SuiteRunner.java:355)
at org.testng.SuiteRunner.run(SuiteRunner.java:304)
at org.testng.SuiteRunnerWorker.runSuite(SuiteRunnerWorker.java:53)
at org.testng.SuiteRunnerWorker.run(SuiteRunnerWorker.java:96)
at org.testng.TestNG.runSuitesSequentially(TestNG.java:1180)
at org.testng.TestNG.runSuitesLocally(TestNG.java:1102)
at org.testng.TestNG.runSuites(TestNG.java:1032)
at org.testng.TestNG.run(TestNG.java:1000)
at org.testng.remote.AbstractRemoteTestNG.run(AbstractRemoteTestNG.java:115)
at org.testng.remote.RemoteTestNG.initAndRun(RemoteTestNG.java:251)
at org.testng.remote.RemoteTestNG.main(RemoteTestNG.java:77)
]]>
            </full-stacktrace>
          </exception> <!-- java.lang.AssertionError -->
          <reporter-output>
          </reporter-output>
        </test-method> <!-- runTChero003 -->
        <test-method status="PASS" signature="afterMethod()[pri:0, instance:com.heroku.testcases.TChero003@2c039ac6]" name="afterMethod" is-config="true" duration-ms="903" started-at="2020-02-09T17:21:14 IST" finished-at="2020-02-09T17:21:14 IST">
          <reporter-output>
          </reporter-output>
        </test-method> <!-- afterMethod -->
      </class> <!-- com.heroku.testcases.TChero003 -->
      <class name="com.heroku.testcases.TChero004">
        <test-method status="PASS" signature="beforeMethod()[pri:0, instance:com.heroku.testcases.TChero004@587d1d39]" name="beforeMethod" is-config="true" duration-ms="10026" started-at="2020-02-09T17:21:14 IST" finished-at="2020-02-09T17:21:24 IST">
          <reporter-output>
          </reporter-output>
        </test-method> <!-- beforeMethod -->
        <test-method status="FAIL" signature="runTChero004()[pri:0, instance:com.heroku.testcases.TChero004@587d1d39]" name="runTChero004" duration-ms="3328" started-at="2020-02-09T17:21:24 IST" finished-at="2020-02-09T17:21:28 IST">
          <exception class="org.openqa.selenium.ElementClickInterceptedException">
            <message>
              <![CDATA[element click intercepted: Element <p>...</p> is not clickable at point (766, 503). Other element would receive the click: <div class="modal">...</div>
  (Session info: chrome=80.0.3987.87)
Build info: version: '3.141.59', revision: 'e82be7d358', time: '2018-11-14T08:17:03'
System info: host: 'DESKTOP-82N2FV3', ip: '192.168.43.55', os.name: 'Windows 10', os.arch: 'amd64', os.version: '10.0', java.version: '1.8.0_171'
Driver info: org.openqa.selenium.chrome.ChromeDriver
Capabilities {acceptInsecureCerts: false, browserName: chrome, browserVersion: 80.0.3987.87, chrome: {chromedriverVersion: 79.0.3945.36 (3582db32b3389..., userDataDir: C:\Users\Dell\AppData\Local...}, goog:chromeOptions: {debuggerAddress: localhost:58801}, javascriptEnabled: true, networkConnectionEnabled: false, pageLoadStrategy: normal, platform: WINDOWS, platformName: WINDOWS, proxy: Proxy(), setWindowRect: true, strictFileInteractability: false, timeouts: {implicit: 0, pageLoad: 300000, script: 30000}, unhandledPromptBehavior: dismiss and notify}
Session ID: 69943e891241b5eed79117d05d23707d]]>
            </message>
            <full-stacktrace>
              <![CDATA[org.openqa.selenium.ElementClickInterceptedException: element click intercepted: Element <p>...</p> is not clickable at point (766, 503). Other element would receive the click: <div class="modal">...</div>
  (Session info: chrome=80.0.3987.87)
Build info: version: '3.141.59', revision: 'e82be7d358', time: '2018-11-14T08:17:03'
System info: host: 'DESKTOP-82N2FV3', ip: '192.168.43.55', os.name: 'Windows 10', os.arch: 'amd64', os.version: '10.0', java.version: '1.8.0_171'
Driver info: org.openqa.selenium.chrome.ChromeDriver
Capabilities {acceptInsecureCerts: false, browserName: chrome, browserVersion: 80.0.3987.87, chrome: {chromedriverVersion: 79.0.3945.36 (3582db32b3389..., userDataDir: C:\Users\Dell\AppData\Local...}, goog:chromeOptions: {debuggerAddress: localhost:58801}, javascriptEnabled: true, networkConnectionEnabled: false, pageLoadStrategy: normal, platform: WINDOWS, platformName: WINDOWS, proxy: Proxy(), setWindowRect: true, strictFileInteractability: false, timeouts: {implicit: 0, pageLoad: 300000, script: 30000}, unhandledPromptBehavior: dismiss and notify}
Session ID: 69943e891241b5eed79117d05d23707d
at sun.reflect.NativeConstructorAccessorImpl.newInstance0(Native Method)
at sun.reflect.NativeConstructorAccessorImpl.newInstance(NativeConstructorAccessorImpl.java:62)
at sun.reflect.DelegatingConstructorAccessorImpl.newInstance(DelegatingConstructorAccessorImpl.java:45)
at java.lang.reflect.Constructor.newInstance(Constructor.java:423)
at org.openqa.selenium.remote.http.W3CHttpResponseCodec.createException(W3CHttpResponseCodec.java:187)
at org.openqa.selenium.remote.http.W3CHttpResponseCodec.decode(W3CHttpResponseCodec.java:122)
at org.openqa.selenium.remote.http.W3CHttpResponseCodec.decode(W3CHttpResponseCodec.java:49)
at org.openqa.selenium.remote.HttpCommandExecutor.execute(HttpCommandExecutor.java:158)
at org.openqa.selenium.remote.service.DriverCommandExecutor.execute(DriverCommandExecutor.java:83)
at org.openqa.selenium.remote.RemoteWebDriver.execute(RemoteWebDriver.java:552)
at org.openqa.selenium.remote.RemoteWebElement.execute(RemoteWebElement.java:285)
at org.openqa.selenium.remote.RemoteWebElement.click(RemoteWebElement.java:84)
at com.heroku.sel.api.base.SeleniumBaseScripts.click(SeleniumBaseScripts.java:37)
at com.heroku.pages.EntryAdpage.clickclose(EntryAdpage.java:9)
at com.heroku.testcases.TChero004.runTChero004(TChero004.java:14)
at sun.reflect.NativeMethodAccessorImpl.invoke0(Native Method)
at sun.reflect.NativeMethodAccessorImpl.invoke(NativeMethodAccessorImpl.java:62)
at sun.reflect.DelegatingMethodAccessorImpl.invoke(DelegatingMethodAccessorImpl.java:43)
at java.lang.reflect.Method.invoke(Method.java:498)
at org.testng.internal.MethodInvocationHelper.invokeMethod(MethodInvocationHelper.java:133)
at org.testng.internal.TestInvoker.invokeMethod(TestInvoker.java:584)
at org.testng.internal.TestInvoker.invokeTestMethod(TestInvoker.java:172)
at org.testng.internal.MethodRunner.runInSequence(MethodRunner.java:46)
at org.testng.internal.TestInvoker$MethodInvocationAgent.invoke(TestInvoker.java:804)
at org.testng.internal.TestInvoker.invokeTestMethods(TestInvoker.java:145)
at org.testng.internal.TestMethodWorker.invokeTestMethods(TestMethodWorker.java:146)
at org.testng.internal.TestMethodWorker.run(TestMethodWorker.java:128)
at java.util.ArrayList.forEach(ArrayList.java:1257)
at org.testng.TestRunner.privateRun(TestRunner.java:770)
at org.testng.TestRunner.run(TestRunner.java:591)
at org.testng.SuiteRunner.runTest(SuiteRunner.java:402)
at org.testng.SuiteRunner.runSequentially(SuiteRunner.java:396)
at org.testng.SuiteRunner.privateRun(SuiteRunner.java:355)
at org.testng.SuiteRunner.run(SuiteRunner.java:304)
at org.testng.SuiteRunnerWorker.runSuite(SuiteRunnerWorker.java:53)
at org.testng.SuiteRunnerWorker.run(SuiteRunnerWorker.java:96)
at org.testng.TestNG.runSuitesSequentially(TestNG.java:1180)
at org.testng.TestNG.runSuitesLocally(TestNG.java:1102)
at org.testng.TestNG.runSuites(TestNG.java:1032)
at org.testng.TestNG.run(TestNG.java:1000)
at org.testng.remote.AbstractRemoteTestNG.run(AbstractRemoteTestNG.java:115)
at org.testng.remote.RemoteTestNG.initAndRun(RemoteTestNG.java:251)
at org.testng.remote.RemoteTestNG.main(RemoteTestNG.java:77)
]]>
            </full-stacktrace>
          </exception> <!-- org.openqa.selenium.ElementClickInterceptedException -->
          <reporter-output>
          </reporter-output>
        </test-method> <!-- runTChero004 -->
        <test-method status="PASS" signature="afterMethod()[pri:0, instance:com.heroku.testcases.TChero004@587d1d39]" name="afterMethod" is-config="true" duration-ms="1120" started-at="2020-02-09T17:21:28 IST" finished-at="2020-02-09T17:21:29 IST">
          <reporter-output>
          </reporter-output>
        </test-method> <!-- afterMethod -->
      </class> <!-- com.heroku.testcases.TChero004 -->
      <class name="com.heroku.testcases.TChero005">
        <test-method status="PASS" signature="beforeMethod()[pri:0, instance:com.heroku.testcases.TChero005@58c1670b]" name="beforeMethod" is-config="true" duration-ms="10327" started-at="2020-02-09T17:21:29 IST" finished-at="2020-02-09T17:21:39 IST">
          <reporter-output>
          </reporter-output>
        </test-method> <!-- beforeMethod -->
        <test-method status="PASS" signature="runTChero005()[pri:0, instance:com.heroku.testcases.TChero005@58c1670b]" name="runTChero005" duration-ms="6187" started-at="2020-02-09T17:21:39 IST" finished-at="2020-02-09T17:21:45 IST">
          <reporter-output>
          </reporter-output>
        </test-method> <!-- runTChero005 -->
        <test-method status="PASS" signature="afterMethod()[pri:0, instance:com.heroku.testcases.TChero005@58c1670b]" name="afterMethod" is-config="true" duration-ms="56" started-at="2020-02-09T17:21:45 IST" finished-at="2020-02-09T17:21:45 IST">
          <reporter-output>
          </reporter-output>
        </test-method> <!-- afterMethod -->
      </class> <!-- com.heroku.testcases.TChero005 -->
      <class name="com.heroku.testcases.TChero006">
        <test-method status="PASS" signature="beforeMethod()[pri:0, instance:com.heroku.testcases.TChero006@6b57696f]" name="beforeMethod" is-config="true" duration-ms="9930" started-at="2020-02-09T17:21:45 IST" finished-at="2020-02-09T17:21:55 IST">
          <reporter-output>
          </reporter-output>
        </test-method> <!-- beforeMethod -->
        <test-method status="PASS" signature="runTChero006()[pri:0, instance:com.heroku.testcases.TChero006@6b57696f]" name="runTChero006" duration-ms="2668" started-at="2020-02-09T17:21:55 IST" finished-at="2020-02-09T17:21:58 IST">
          <reporter-output>
          </reporter-output>
        </test-method> <!-- runTChero006 -->
        <test-method status="PASS" signature="afterMethod()[pri:0, instance:com.heroku.testcases.TChero006@6b57696f]" name="afterMethod" is-config="true" duration-ms="57" started-at="2020-02-09T17:21:58 IST" finished-at="2020-02-09T17:21:58 IST">
          <reporter-output>
          </reporter-output>
        </test-method> <!-- afterMethod -->
      </class> <!-- com.heroku.testcases.TChero006 -->
      <class name="com.heroku.testcases.TChero001">
        <test-method status="PASS" signature="beforeMethod()[pri:0, instance:com.heroku.testcases.TChero001@6b9651f3]" name="beforeMethod" is-config="true" duration-ms="9885" started-at="2020-02-09T17:22:10 IST" finished-at="2020-02-09T17:22:20 IST">
          <reporter-output>
          </reporter-output>
        </test-method> <!-- beforeMethod -->
        <test-method status="PASS" signature="runTChero001()[pri:0, instance:com.heroku.testcases.TChero001@6b9651f3]" name="runTChero001" duration-ms="6457" started-at="2020-02-09T17:22:20 IST" finished-at="2020-02-09T17:22:27 IST">
          <reporter-output>
          </reporter-output>
        </test-method> <!-- runTChero001 -->
        <test-method status="PASS" signature="afterMethod()[pri:0, instance:com.heroku.testcases.TChero001@6b9651f3]" name="afterMethod" is-config="true" duration-ms="51" started-at="2020-02-09T17:22:27 IST" finished-at="2020-02-09T17:22:27 IST">
          <reporter-output>
          </reporter-output>
        </test-method> <!-- afterMethod -->
      </class> <!-- com.heroku.testcases.TChero001 -->
      <class name="com.heroku.testcases.TChero002">
        <test-method status="PASS" signature="beforeMethod()[pri:0, instance:com.heroku.testcases.TChero002@9a7504c]" name="beforeMethod" is-config="true" duration-ms="10499" started-at="2020-02-09T17:20:48 IST" finished-at="2020-02-09T17:20:59 IST">
          <reporter-output>
          </reporter-output>
        </test-method> <!-- beforeMethod -->
        <test-method status="PASS" signature="runTChero002()[pri:0, instance:com.heroku.testcases.TChero002@9a7504c]" name="runTChero002" duration-ms="637" started-at="2020-02-09T17:20:59 IST" finished-at="2020-02-09T17:20:59 IST">
          <reporter-output>
          </reporter-output>
        </test-method> <!-- runTChero002 -->
        <test-method status="PASS" signature="afterMethod()[pri:0, instance:com.heroku.testcases.TChero002@9a7504c]" name="afterMethod" is-config="true" duration-ms="56" started-at="2020-02-09T17:20:59 IST" finished-at="2020-02-09T17:20:59 IST">
          <reporter-output>
          </reporter-output>
        </test-method> <!-- afterMethod -->
      </class> <!-- com.heroku.testcases.TChero002 -->
    </test> <!-- Test -->
  </suite> <!-- Suite -->
</testng-results>
